android-config/android-app/build/outputs/mapping/release/seeds.txt
app.railway.up.mlgrc_pulse.twa.DelegationService
app.railway.up.mlgrc_pulse.twa.Application
app.railway.up.mlgrc_pulse.twa.LauncherActivity
app.railway.up.mlgrc_pulse.twa.DelegationService: DelegationService()
app.railway.up.mlgrc_pulse.twa.LauncherActivity: LauncherActivity()
app.railway.up.mlgrc_pulse.twa.Application: Application()
...
com.google.android.gms.location.LastLocationRequest: android.os.Parcelable$Creator CREATOR
androidx.versionedparcelable.ParcelImpl: android.os.Parcelable$Creator CREATOR
androidx.lifecycle.Lifecycle$Event: androidx.lifecycle.Lifecycle$Event ON_START
com.google.android.gms.common.internal.zat: android.os.Parcelable$Creator CREATOR
com.google.android.gms.internal.location.zzdb: android.os.Parcelable$Creator CREATOR
androidx.lifecycle.Lifecycle$Event: androidx.lifecycle.Lifecycle$Event ON_PAUSE
com.google.android.gms.common.internal.ClientIdentity: android.os.Parcelable$Creator CREATOR
com.google.android.gms.signin.internal.zag: android.os.Parcelable$Creator CREATOR
com.google.android.gms.internal.location.zzdd: android.os.Parcelable$Creator CREATOR
com.google.android.gms.location.zzac: android.os.Parcelable$Creator CREATOR
com.google.android.gms.internal.location.zzdf: android.os.Parcelable$Creator CREATOR
com.google.android.gms.common.api.Status: android.os.Parcelable$Creator CREATOR
androidx.lifecycle.ProcessLifecycleOwner$attach$1: androidx.lifecycle.ProcessLifecycleOwner this$0
androidx.appcompat.widget.Toolbar$SavedState: android.os.Parcelable$Creator CREATOR
androidx.lifecycle.Lifecycle$Event: androidx.lifecycle.Lifecycle$Event ON_RESUME
androidx.lifecycle.Lifecycle$Event: androidx.lifecycle.Lifecycle$Event ON_STOP
com.google.android.gms.location.LocationAvailability: android.os.Parcelable$Creator CREATOR
com.google.android.gms.location.LocationResult: android.os.Parcelable$Creator CREATOR
com.google.android.gms.common.internal.GetServiceRequest: android.os.Parcelable$Creator CREATOR
com.google.android.gms.common.ConnectionResult: android.os.Parcelable$Creator CREATOR
com.google.android.gms.common.Feature: android.os.Parcelable$Creator CREATOR
com.google.android.gms.common.internal.zav: android.os.Parcelable$Creator CREATOR
com.google.android.gms.signin.internal.zai: android.os.Parcelable$Creator CREATOR
com.google.android.gms.signin.internal.zaa: android.os.Parcelable$Creator CREATOR
androidx.core.widget.NestedScrollView$SavedState: android.os.Parcelable$Creator CREATOR
androidx.fragment.app.BackStackRecordState: android.os.Parcelable$Creator CREATOR
com.google.android.gms.location.LocationRequest: android.os.Parcelable$Creator CREATOR
com.google.android.gms.common.internal.MethodInvocation: android.os.Parcelable$Creator CREATOR
androidx.lifecycle.Lifecycle$Event: androidx.lifecycle.Lifecycle$Event ON_DESTROY
com.google.android.gms.auth.api.signin.GoogleSignInAccount: android.os.Parcelable$Creator CREATOR
com.google.android.gms.internal.location.zzg: android.os.Parcelable$Creator CREATOR
com.google.android.gms.common.api.Scope: android.os.Parcelable$Creator CREATOR
androidx.core.view.WindowInsetsCompat$Impl: boolean equals(java.lang.Object)
androidx.lifecycle.ReportFragment$LifecycleCallbacks: void onActivityPreStopped(android.app.Activity)
androidx.core.widget.EdgeEffectCompat$Api21Impl: void onPull(android.widget.EdgeEffect,float,float)
androidx.core.view.ViewCompat$Api21Impl: float getTranslationZ(android.view.View)
androidx.profileinstaller.ProfileInstallerInitializer: ProfileInstallerInitializer()
androidx.appcompat.widget.Toolbar: int getTitleMarginTop()
androidx.appcompat.widget.MenuPopupWindow$MenuDropDownListView: void setSelector(android.graphics.drawable.Drawable)
androidx.appcompat.widget.ActionMenuView: void setOverflowReserved(boolean)
androidx.core.widget.NestedScrollView: float getVerticalScrollFactorCompat()
androidx.core.app.NotificationCompatBuilder$Api23Impl: android.app.Notification$Builder setSmallIcon(android.app.Notification$Builder,java.lang.Object)
androidx.appcompat.widget.AppCompatAutoCompleteTextView: void setSupportBackgroundTintMode(android.graphics.PorterDuff$Mode)
androidx.appcompat.widget.ViewStubCompat: ViewStubCompat(android.content.Context,android.util.AttributeSet)
androidx.core.view.WindowInsetsCompat$Impl: boolean isConsumed()