android-config/android-app/build/outputs/mapping/release/mapping.txt
# compiler: R8
# compiler_version: 8.9.32
# min_api: 21
# common_typos_disable
# {"id":"com.android.tools.r8.mapping","version":"2.2"}
# pg_map_id: ee173e5
# pg_map_hash: SHA-256 ee173e5f04f19033354acf06ca441049f2d954807275ef436f856cbbbb503167
app.railway.up.mlgrc_pulse.twa.Application -> app.railway.up.mlgrc_pulse.twa.Application:
# {"id":"sourceFile","fileName":"Application.java"}
    1:4:void <init>():20:20 -> <init>
    1:4:void onCreate():26:26 -> onCreate
app.railway.up.mlgrc_pulse.twa.DelegationService -> app.railway.up.mlgrc_pulse.twa.DelegationService:
# {"id":"sourceFile","fileName":"DelegationService.java"}
    1:4:void <init>():7:7 -> <init>
    1:3:void onCreate():11:11 -> onCreate
    4:12:void onCreate():14:14 -> onCreate
app.railway.up.mlgrc_pulse.twa.LauncherActivity -> app.railway.up.mlgrc_pulse.twa.LauncherActivity:
# {"id":"sourceFile","fileName":"LauncherActivity.java"}
    1:4:void <init>():25:25 -> <init>
    1:5:android.net.Uri getLaunchingUrl():48:48 -> i
    1:3:void onCreate(android.os.Bundle):33:33 -> onCreate
    4:11:void onCreate(android.os.Bundle):38:38 -> onCreate
    12:16:void onCreate(android.os.Bundle):39:39 -> onCreate
    17:20:void onCreate(android.os.Bundle):41:41 -> onCreate
...
androidx.savedstate.SavedStateRegistry -> androidx.savedstate.a:
# {"id":"sourceFile","fileName":"SavedStateRegistry.kt"}
    androidx.arch.core.internal.SafeIterableMap components -> a
      # {"id":"com.android.tools.r8.residualsignature","signature":"Lk/b;"}
    boolean attached -> b
    android.os.Bundle restoredState -> c
    boolean isRestored -> d
    androidx.savedstate.Recreator$SavedStateProvider recreatorProvider -> e
      # {"id":"com.android.tools.r8.residualsignature","signature":"Landroidx/savedstate/Recreator$b;"}
    boolean isAllowingSavingState -> f
    androidx.savedstate.SavedStateRegistry$Companion Companion -> g
      # {"id":"com.android.tools.r8.residualsignature","signature":"Landroidx/savedstate/a$b;"}
    1:3:void <init>():32:32 -> <init>
    4:11:void <init>():34:34 -> <init>
    12:14:void setAllowingSavingState$savedstate_release(boolean):48:48 -> <init>
    12:14:void <init>():48 -> <init>
    1:1:void $r8$lambda$eDF1FsaoUa1afQFv2y5LNvCkYm4(androidx.savedstate.SavedStateRegistry,androidx.lifecycle.LifecycleOwner,androidx.lifecycle.Lifecycle$Event):0:0 -> a
      # {"id":"com.android.tools.r8.synthesized"}
      # {"id":"com.android.tools.r8.residualsignature","signature":"(Landroidx/savedstate/a;Landroidx/lifecycle/l;Landroidx/lifecycle/g$a;)V"}
    6:9:android.os.Bundle consumeRestoredStateForKey(java.lang.String):72:72 -> b
    10:16:android.os.Bundle consumeRestoredStateForKey(java.lang.String):76:76 -> b
androidx.savedstate.SavedStateRegistry$$ExternalSyntheticLambda0 -> I.b:
# {"id":"sourceFile","fileName":"R8$$SyntheticClass"}
# {"id":"com.android.tools.r8.synthesized"}
    androidx.savedstate.SavedStateRegistry androidx.savedstate.SavedStateRegistry$$InternalSyntheticLambda$1$50312f5aad37730e2ae754624884f8ae4b17561c491607389f5341ebcae33dd6$0.f$0 -> a
      # {"id":"com.android.tools.r8.residualsignature","signature":"Landroidx/savedstate/a;"}
      # {"id":"com.android.tools.r8.synthesized"}
    1:1:void I.SavedStateRegistry$$ExternalSyntheticLambda0.<init>(androidx.savedstate.SavedStateRegistry):0:0 -> <init>
      # {"id":"com.android.tools.r8.synthesized"}
      # {"id":"com.android.tools.r8.residualsignature","signature":"(Landroidx/savedstate/a;)V"}
    1:1:void I.SavedStateRegistry$$ExternalSyntheticLambda0.onStateChanged(androidx.lifecycle.LifecycleOwner,androidx.lifecycle.Lifecycle$Event):0:0 -> h
      # {"id":"com.android.tools.r8.synthesized"}
      # {"id":"com.android.tools.r8.residualsignature","signature":"(Landroidx/lifecycle/l;Landroidx/lifecycle/g$a;)V"}
androidx.savedstate.SavedStateRegistry$AutoRecreated -> androidx.savedstate.a$a:
# {"id":"sourceFile","fileName":"SavedStateRegistry.kt"}
    void onRecreated(androidx.savedstate.SavedStateRegistryOwner) -> a
      # {"id":"com.android.tools.r8.residualsignature","signature":"(LI/d;)V"}
androidx.savedstate.SavedStateRegistry$Companion -> androidx.savedstate.a$b:
# {"id":"sourceFile","fileName":"SavedStateRegistry.kt"}
    1:1:void <init>(kotlin.jvm.internal.DefaultConstructorMarker):0:0 -> <init>
      # {"id":"com.android.tools.r8.residualsignature","signature":"(Lt0/d;)V"}
    2:2:void <init>():267:267 -> <init>
androidx.savedstate.SavedStateRegistry$SavedStateProvider -> androidx.savedstate.a$c:
# {"id":"sourceFile","fileName":"SavedStateRegistry.kt"}
    android.os.Bundle saveState() -> a